[    0.000000] Linux version 4.15.0-70-generic (buildd@lgw01-amd64-055) (gcc version 7.4.0 (Ubuntu 7.4.0-1ubuntu1~18.04.1)) #79-Ubuntu SMP Tue Nov 12 10:36:11 UTC 2019 (Ubuntu 4.15.0-70.79-generic 4.15.18)
[    0.000000] Command line: BOOT_IMAGE=/boot/vmlinuz-4.15.0-70-generic root=UUID=1f736b6f-1f72-404f-b646-22a765a221c8 ro console=tty1 console=ttyS0
[    0.000000] KERNEL supported cpus:
[    0.000000]   Intel GenuineIntel
[    0.000000]   AMD AuthenticAMD
[    0.000000]   Centaur CentaurHauls
[    0.000000] x86/fpu: Supporting XSAVE feature 0x001: 'x87 floating point registers'
[    0.000000] x86/fpu: Supporting XSAVE feature 0x002: 'SSE registers'
[    0.000000] x86/fpu: Supporting XSAVE feature 0x004: 'AVX registers'
[    0.000000] x86/fpu: xstate_offset[2]:  576, xstate_sizes[2]:  256
[    0.000000] x86/fpu: Enabled xstate features 0x7, context size is 832 bytes, using 'standard' format.
[    0.000000] e820: BIOS-provided physical RAM map:
[    0.000000] BIOS-e820: [mem 0x0000000000000000-0x000000000009fbff] usable
[    0.000000] BIOS-e820: [mem 0x000000000009fc00-0x000000000009ffff] reserved
[    0.000000] BIOS-e820: [mem 0x00000000000f0000-0x00000000000fffff] reserved
[    0.000000] BIOS-e820: [mem 0x0000000000100000-0x000000005dbeffff] usable
[    0.000000] BIOS-e820: [mem 0x000000005dbf0000-0x000000005dbfffff] ACPI data
[    0.000000] BIOS-e820: [mem 0x00000000fec00000-0x00000000fec00fff] reserved
[    0.000000] BIOS-e820: [mem 0x00000000fee00000-0x00000000fee00fff] reserved
[    0.000000] BIOS-e820: [mem 0x00000000fffc0000-0x00000000ffffffff] reserved
[    0.000000] NX (Execute Disable) protection: active
[    0.000000] SMBIOS 2.5 present.
[    0.000000] DMI: innotek GmbH VirtualBox/VirtualBox, BIOS VirtualBox 12/01/2006
[    0.000000] Hypervisor detected: KVM
[    0.000000] e820: last_pfn = 0x5dbf0 max_arch_pfn = 0x400000000
[    0.000000] MTRR: Disabled
[    0.000000] x86/PAT: MTRRs disabled, skipping PAT initialization too.
[    0.000000] CPU MTRRs all blank - virtualized system.
[    0.000000] x86/PAT: Configuration [0-7]: WB  WT  UC- UC  WB  WT  UC- UC  
[    0.000000] found SMP MP-table at [mem 0x0009fff0-0x0009ffff]
[    0.000000] Scanning 1 areas for low memory corruption
[    0.000000] RAMDISK: [mem 0x3597f000-0x36cb6fff]
[    0.000000] ACPI: Early table checksum verification disabled
[    0.000000] ACPI: RSDP 0x00000000000E0000 000024 (v02 VBOX  )
[    0.000000] ACPI: XSDT 0x000000005DBF0030 00003C (v01 VBOX   VBOXXSDT 00000001 ASL  00000061)
[    0.000000] ACPI: FACP 0x000000005DBF00F0 0000F4 (v04 VBOX   VBOXFACP 00000001 ASL  00000061)
[    0.000000] ACPI: DSDT 0x000000005DBF0470 0022EA (v02 VBOX   VBOXBIOS 00000002 INTL 20180105)
[    0.000000] ACPI: FACS 0x000000005DBF0200 000040
[    0.000000] ACPI: FACS 0x000000005DBF0200 000040
[    0.000000] ACPI: APIC 0x000000005DBF0240 00005C (v02 VBOX   VBOXAPIC 00000001 ASL  00000061)
[    0.000000] ACPI: SSDT 0x000000005DBF02A0 0001CC (v01 VBOX   VBOXCPUT 00000002 INTL 20180105)
[    0.000000] No NUMA configuration found
[    0.000000] Faking a node at [mem 0x0000000000000000-0x000000005dbeffff]
[    0.000000] NODE_DATA(0) allocated [mem 0x5dbc5000-0x5dbeffff]
[    0.000000] kvm-clock: cpu 0, msr 0:5db44001, primary cpu clock
[    0.000000] kvm-clock: Using msrs 4b564d01 and 4b564d00
[    0.000000] kvm-clock: using sched offset of 5904857361 cycles
[    0.000000] clocksource: kvm-clock: mask: 0xffffffffffffffff max_cycles: 0x1cd42e4dffb, max_idle_ns: 881590591483 ns
[    0.000000] Zone ranges:
[    0.000000]   DMA      [mem 0x0000000000001000-0x0000000000ffffff]
[    0.000000]   DMA32    [mem 0x0000000001000000-0x000000005dbeffff]
[    0.000000]   Normal   empty
[    0.000000]   Device   empty
[    0.000000] Movable zone start for each node
[    0.000000] Early memory node ranges
[    0.000000]   node   0: [mem 0x0000000000001000-0x000000000009efff]
[    0.000000]   node   0: [mem 0x0000000000100000-0x000000005dbeffff]
[    0.000000] Reserved but unavailable: 98 pages
[    0.000000] Initmem setup node 0 [mem 0x0000000000001000-0x000000005dbeffff]
[    0.000000] ACPI: PM-Timer IO Port: 0x4008
[    0.000000] IOAPIC[0]: apic_id 2, version 32, address 0xfec00000, GSI 0-23
[    0.000000] ACPI: INT_SRC_OVR (bus 0 bus_irq 0 global_irq 2 dfl dfl)
[    0.000000] ACPI: INT_SRC_OVR (bus 0 bus_irq 9 global_irq 9 low level)
[    0.000000] Using ACPI (MADT) for SMP configuration information
[    0.000000] smpboot: Allowing 2 CPUs, 0 hotplug CPUs
[    0.000000] PM: Registered nosave memory: [mem 0x00000000-0x00000fff]
[    0.000000] PM: Registered nosave memory: [mem 0x0009f000-0x0009ffff]
[    0.000000] PM: Registered nosave memory: [mem 0x000a0000-0x000effff]
[    0.000000] PM: Registered nosave memory: [mem 0x000f0000-0x000fffff]
[    0.000000] e820: [mem 0x5dc00000-0xfebfffff] available for PCI devices
[    0.000000] Booting paravirtualized kernel on KVM
[    0.000000] clocksource: refined-jiffies: mask: 0xffffffff max_cycles: 0xffffffff, max_idle_ns: 7645519600211568 ns
[    0.000000] random: get_random_bytes called from start_kernel+0x99/0x4fd with crng_init=0
[    0.000000] setup_percpu: NR_CPUS:8192 nr_cpumask_bits:2 nr_cpu_ids:2 nr_node_ids:1
[    0.000000] percpu: Embedded 45 pages/cpu s147456 r8192 d28672 u1048576
[    0.000000] PV qspinlock hash table entries: 256 (order: 0, 4096 bytes)
[    0.000000] Built 1 zonelists, mobility grouping on.  Total pages: 377865
[    0.000000] Policy zone: DMA32
[    0.000000] Kernel command line: BOOT_IMAGE=/boot/vmlinuz-4.15.0-70-generic root=UUID=1f736b6f-1f72-404f-b646-22a765a221c8 ro console=tty1 console=ttyS0
[    0.000000] Memory: 1462140K/1535544K available (12300K kernel code, 2481K rwdata, 4264K rodata, 2432K init, 2388K bss, 73404K reserved, 0K cma-reserved)
[    0.000000] SLUB: HWalign=64, Order=0-3, MinObjects=0, CPUs=2, Nodes=1
[    0.000000] Kernel/User page tables isolation: enabled
[    0.000000] ftrace: allocating 39315 entries in 154 pages
[    0.004000] Hierarchical RCU implementation.
[    0.004000] 	RCU restricting CPUs from NR_CPUS=8192 to nr_cpu_ids=2.
[    0.004000] 	Tasks RCU enabled.
[    0.004000] RCU: Adjusting geometry for rcu_fanout_leaf=16, nr_cpu_ids=2
[    0.004000] NR_IRQS: 524544, nr_irqs: 440, preallocated irqs: 16
[    0.004000] Console: colour VGA+ 80x25
[    0.004000] console [tty1] enabled
[    0.004000] console [ttyS0] enabled
[    0.004000] ACPI: Core revision 20170831
[    0.004000] ACPI: 2 ACPI AML tables successfully acquired and loaded
[    0.004000] APIC: Switch to symmetric I/O mode setup
[    0.004000] x2apic enabled
[    0.004000] Switched APIC routing to physical x2apic.
[    0.004000] ..TIMER: vector=0x30 apic1=0 pin1=2 apic2=-1 pin2=-1
[    0.004006] tsc: Detected 3392.292 MHz processor
[    0.004931] Calibrating delay loop (skipped) preset value.. 6784.58 BogoMIPS (lpj=13569168)
[    0.005633] pid_max: default: 32768 minimum: 301
[    0.008039] Security Framework initialized
[    0.008868] Yama: becoming mindful.
[    0.009604] AppArmor: AppArmor initialized
[    0.011025] Dentry cache hash table entries: 262144 (order: 9, 2097152 bytes)
[    0.012452] Inode-cache hash table entries: 131072 (order: 8, 1048576 bytes)
[    0.013773] Mount-cache hash table entries: 4096 (order: 3, 32768 bytes)
[    0.016008] Mountpoint-cache hash table entries: 4096 (order: 3, 32768 bytes)
[    0.017404] Last level iTLB entries: 4KB 512, 2MB 8, 4MB 8
[    0.018204] Last level dTLB entries: 4KB 512, 2MB 32, 4MB 32, 1GB 0
[    0.019094] Spectre V1 : Mitigation: usercopy/swapgs barriers and __user pointer sanitization
[    0.020005] Spectre V2 : Mitigation: Full generic retpoline
[    0.021071] Spectre V2 : Spectre v2 / SpectreRSB mitigation: Filling RSB on context switch
[    0.022588] Speculative Store Bypass: Vulnerable
[    0.024056] MDS: Mitigation: Clear CPU buffers
[    0.025073] Freeing SMP alternatives memory: 36K
[    0.136091] smpboot: CPU0: Intel(R) Core(TM) i7-2600 CPU @ 3.40GHz (family: 0x6, model: 0x2a, stepping: 0x7)
[    0.137942] Performance Events: unsupported p6 CPU model 42 no PMU driver, software events only.
[    0.139528] Hierarchical SRCU implementation.
[    0.140508] NMI watchdog: Perf event create on CPU 0 failed with -2
[    0.141598] NMI watchdog: Perf NMI watchdog permanently disabled
[    0.142683] smp: Bringing up secondary CPUs ...
[    0.143576] x86: Booting SMP configuration:
[    0.144003] .... node  #0, CPUs:      #1
[    0.004000] kvm-clock: cpu 1, msr 0:5db44041, secondary cpu clock
[    0.148019] smp: Brought up 1 node, 2 CPUs
[    0.148806] smpboot: Max logical packages: 1
[    0.149582] smpboot: Total of 2 processors activated (13569.16 BogoMIPS)
[    0.150897] devtmpfs: initialized
[    0.150897] x86/mm: Memory block size: 128MB
[    0.152155] evm: security.selinux
[    0.152790] evm: security.SMACK64
[    0.153401] evm: security.SMACK64EXEC
[    0.154072] evm: security.SMACK64TRANSMUTE
[    0.154803] evm: security.SMACK64MMAP
[    0.156003] evm: security.apparmor
[    0.156635] evm: security.ima
[    0.157189] evm: security.capability
[    0.157869] clocksource: jiffies: mask: 0xffffffff max_cycles: 0xffffffff, max_idle_ns: 7645041785100000 ns
[    0.160008] futex hash table entries: 512 (order: 3, 32768 bytes)
[    0.161135] pinctrl core: initialized pinctrl subsystem
[    0.162169] RTC time: 17:14:06, date: 12/03/19
[    0.163178] NET: Registered protocol family 16
[    0.164064] audit: initializing netlink subsys (disabled)
[    0.165049] audit: type=2000 audit(1575393253.355:1): state=initialized audit_enabled=0 res=1
[    0.165400] cpuidle: using governor ladder
[    0.165400] cpuidle: using governor menu
[    0.168030] ACPI: bus type PCI registered
[    0.168660] acpiphp: ACPI Hot Plug PCI Controller Driver version: 0.5
[    0.169715] PCI: Using configuration type 1 for base access
[    0.172048] HugeTLB registered 2.00 MiB page size, pre-allocated 0 pages
[    0.173001] ACPI: Added _OSI(Module Device)
[    0.173001] ACPI: Added _OSI(Processor Device)
[    0.173835] ACPI: Added _OSI(3.0 _SCP Extensions)
[    0.176005] ACPI: Added _OSI(Processor Aggregator Device)
[    0.177041] ACPI: Added _OSI(Linux-Dell-Video)
[    0.177923] ACPI: Added _OSI(Linux-Lenovo-NV-HDMI-Audio)
[    0.178941] ACPI: Added _OSI(Linux-HPI-Hybrid-Graphics)
[    0.180367] ACPI: Executed 1 blocks of module-level executable AML code
[    0.181758] ACPI: Interpreter enabled
[    0.182298] ACPI: (supports S0 S5)
[    0.182792] ACPI: Using IOAPIC for interrupt routing
[    0.188214] PCI: Using host bridge windows from ACPI; if necessary, use "pci=nocrs" and report a bug
[    0.189665] ACPI: Enabled 2 GPEs in block 00 to 07
[    0.192219] ACPI: PCI Root Bridge [PCI0] (domain 0000 [bus 00-ff])
[    0.193089] acpi PNP0A03:00: _OSC: OS supports [ASPM ClockPM Segments MSI]
[    0.194431] acpi PNP0A03:00: _OSC: not requesting OS control; OS requires [ExtendedConfig ASPM ClockPM MSI]
[    0.195764] acpi PNP0A03:00: fail to add MMCONFIG information, can't access extended PCI configuration space under this bridge.
[    0.200294] PCI host bridge to bus 0000:00
[    0.200872] pci_bus 0000:00: root bus resource [io  0x0000-0x0cf7 window]
[    0.201782] pci_bus 0000:00: root bus resource [io  0x0d00-0xffff window]
[    0.202760] pci_bus 0000:00: root bus resource [mem 0x000a0000-0x000bffff window]
[    0.204003] pci_bus 0000:00: root bus resource [mem 0x5dc00000-0xfdffffff window]
[    0.205051] pci_bus 0000:00: root bus resource [bus 00-ff]
[    0.206335] pci 0000:00:01.1: legacy IDE quirk: reg 0x10: [io  0x01f0-0x01f7]
[    0.206335] pci 0000:00:01.1: legacy IDE quirk: reg 0x14: [io  0x03f6]
[    0.206382] pci 0000:00:01.1: legacy IDE quirk: reg 0x18: [io  0x0170-0x0177]
[    0.207355] pci 0000:00:01.1: legacy IDE quirk: reg 0x1c: [io  0x0376]
[    0.232997] pci 0000:00:07.0: quirk: [io  0x4000-0x403f] claimed by PIIX4 ACPI
[    0.234192] pci 0000:00:07.0: quirk: [io  0x4100-0x410f] claimed by PIIX4 SMB
[    0.245041] ACPI: PCI Interrupt Link [LNKA] (IRQs 5 9 10 *11)
[    0.246803] ACPI: PCI Interrupt Link [LNKB] (IRQs 5 9 *10 11)
[    0.248138] ACPI: PCI Interrupt Link [LNKC] (IRQs 5 *9 10 11)
[    0.249540] ACPI: PCI Interrupt Link [LNKD] (IRQs 5 9 10 *11)
[    0.252003] SCSI subsystem initialized
[    0.252080] pci 0000:00:02.0: vgaarb: setting as boot VGA device
[    0.256002] pci 0000:00:02.0: vgaarb: VGA device added: decodes=io+mem,owns=io+mem,locks=none
[    0.256007] pci 0000:00:02.0: vgaarb: bridge control possible
[    0.257203] vgaarb: loaded
[    0.260035] ACPI: bus type USB registered
[    0.260738] usbcore: registered new interface driver usbfs
[    0.261506] usbcore: registered new interface driver hub
[    0.262280] usbcore: registered new device driver usb
[    0.263026] EDAC MC: Ver: 3.0.0
[    0.264184] PCI: Using ACPI for IRQ routing
[    0.265523] NetLabel: Initializing
[    0.266572] NetLabel:  domain hash size = 128
[    0.268011] NetLabel:  protocols = UNLABELED CIPSOv4 CALIPSO
[    0.269184] NetLabel:  unlabeled traffic allowed by default
[    0.270091] clocksource: Switched to clocksource kvm-clock
[    0.281685] VFS: Disk quotas dquot_6.6.0
[    0.282658] VFS: Dquot-cache hash table entries: 512 (order 0, 4096 bytes)
[    0.284060] AppArmor: AppArmor Filesystem Enabled
[    0.285340] pnp: PnP ACPI init
[    0.287558] pnp: PnP ACPI: found 3 devices
[    0.294223] clocksource: acpi_pm: mask: 0xffffff max_cycles: 0xffffff, max_idle_ns: 2085701024 ns
[    0.295487] NET: Registered protocol family 2
[    0.296284] TCP established hash table entries: 16384 (order: 5, 131072 bytes)
[    0.297466] TCP bind hash table entries: 16384 (order: 6, 262144 bytes)
[    0.298396] TCP: Hash tables configured (established 16384 bind 16384)
[    0.299310] UDP hash table entries: 1024 (order: 3, 32768 bytes)
[    0.300438] UDP-Lite hash table entries: 1024 (order: 3, 32768 bytes)
[    0.302105] NET: Registered protocol family 1
[    0.302746] pci 0000:00:00.0: Limiting direct PCI/PCI transfers
[    0.303552] pci 0000:00:01.0: Activating ISA DMA hang workarounds
[    0.304419] pci 0000:00:02.0: Video device with shadowed ROM at [mem 0x000c0000-0x000dffff]
[    0.305677] Unpacking initramfs...
[    0.554216] Freeing initrd memory: 19680K
[    0.554966] clocksource: tsc: mask: 0xffffffffffffffff max_cycles: 0x30e5dd94d34, max_idle_ns: 440795304975 ns
[    0.556465] platform rtc_cmos: registered platform RTC device (no PNP device found)
[    0.559600] Scanning for low memory corruption every 60 seconds
[    0.561917] Initialise system trusted keyrings
[    0.562625] Key type blacklist registered
[    0.563291] workingset: timestamp_bits=36 max_order=19 bucket_order=0
[    0.565609] zbud: loaded
[    0.566593] squashfs: version 4.0 (2009/01/31) Phillip Lougher
[    0.567724] fuse init (API version 7.26)
[    0.570556] Key type asymmetric registered
[    0.571367] Asymmetric key parser 'x509' registered
[    0.572436] Block layer SCSI generic (bsg) driver version 0.4 loaded (major 246)
[    0.573982] io scheduler noop registered
[    0.574801] io scheduler deadline registered
[    0.575708] io scheduler cfq registered (default)
[    0.577055] ACPI: AC Adapter [AC] (on-line)
[    0.577976] input: Power Button as /devices/LNXSYSTM:00/LNXPWRBN:00/input/input0
[    0.579449] ACPI: Power Button [PWRF]
[    0.580315] input: Sleep Button as /devices/LNXSYSTM:00/LNXSLPBN:00/input/input1
[    0.581728] ACPI: Sleep Button [SLPF]
[    0.582777] Serial: 8250/16550 driver, 32 ports, IRQ sharing enabled
[    0.604636] 00:02: ttyS0 at I/O 0x3f8 (irq = 4, base_baud = 115200) is a 16550A
[    0.606963] Linux agpgart interface v0.103
[    0.608684] loop: module loaded
[    0.609773] scsi host0: ata_piix
[    0.610441] scsi host1: ata_piix
[    0.610990] ata1: PATA max UDMA/33 cmd 0x1f0 ctl 0x3f6 bmdma 0xd000 irq 14
[    0.611946] ata2: PATA max UDMA/33 cmd 0x170 ctl 0x376 bmdma 0xd008 irq 15
[    0.612974] libphy: Fixed MDIO Bus: probed
[    0.613639] tun: Universal TUN/TAP device driver, 1.6
[    0.614381] PPP generic driver version 2.4.2
[    0.615029] ehci_hcd: USB 2.0 'Enhanced' Host Controller (EHCI) Driver
[    0.615921] ehci-pci: EHCI PCI platform driver
[    0.616588] ehci-platform: EHCI generic platform driver
[    0.617351] ohci_hcd: USB 1.1 'Open' Host Controller (OHCI) Driver
[    0.618176] ohci-pci: OHCI PCI platform driver
[    0.618796] ohci-platform: OHCI generic platform driver
[    0.619525] uhci_hcd: USB Universal Host Controller Interface driver
[    0.620451] i8042: PNP: PS/2 Controller [PNP0303:PS2K,PNP0f03:PS2M] at 0x60,0x64 irq 1,12
[    0.622058] serio: i8042 KBD port at 0x60,0x64 irq 1
[    0.622765] serio: i8042 AUX port at 0x60,0x64 irq 12
[    0.623515] mousedev: PS/2 mouse device common for all mice
[    0.624544] input: AT Translated Set 2 keyboard as /devices/platform/i8042/serio0/input/input2
[    0.626126] rtc_cmos rtc_cmos: rtc core: registered rtc_cmos as rtc0
[    0.627038] rtc_cmos rtc_cmos: alarms up to one day, 114 bytes nvram
[    0.627887] i2c /dev entries driver
[    0.628458] device-mapper: uevent: version 1.0.3
[    0.629174] device-mapper: ioctl: 4.37.0-ioctl (2017-09-20) initialised: dm-devel@redhat.com
[    0.630426] ledtrig-cpu: registered to indicate activity on CPUs
[    0.631733] NET: Registered protocol family 10
[    0.637099] Segment Routing with IPv6
[    0.637702] NET: Registered protocol family 17
[    0.638411] Key type dns_resolver registered
[    0.639198] mce: Using 0 MCE banks
[    0.639720] RAS: Correctable Errors collector initialized.
[    0.640520] sched_clock: Marking stable (640499089, 0)->(776112100, -135613011)
[    0.641952] registered taskstats version 1
[    0.642633] Loading compiled-in X.509 certificates
[    0.647040] Loaded X.509 cert 'Build time autogenerated kernel key: 1859b0531897959199376c446a0bd70df75fd1fc'
[    0.648635] zswap: loaded using pool lzo/zbud
[    0.655682] Key type big_key registered
[    0.656374] Key type trusted registered
[    0.659298] Key type encrypted registered
[    0.659964] AppArmor: AppArmor sha1 policy hashing enabled
[    0.661036] ima: No TPM chip found, activating TPM-bypass! (rc=-19)
[    0.662218] ima: Allocated hash algorithm: sha1
[    0.663104] evm: HMAC attrs: 0x1
[    0.664090]   Magic number: 15:233:238
[    0.664961] rtc_cmos rtc_cmos: setting system clock to 2019-12-03 17:14:06 UTC (1575393246)
[    0.666784] BIOS EDD facility v0.16 2004-Jun-25, 0 devices found
[    0.667894] EDD information not available.
[    0.776379] Freeing unused kernel image memory: 2432K
[    0.788037] Write protecting the kernel read-only data: 20480k
[    0.790108] Freeing unused kernel image memory: 2008K
[    0.791635] Freeing unused kernel image memory: 1880K
[    0.803128] x86/mm: Checked W+X mappings: passed, no W+X pages found.
[    0.804897] x86/mm: Checking user space page tables
[    0.811649] x86/mm: Checked W+X mappings: passed, no W+X pages found.
Loading, please wait...
starting version 237
[    0.918001] Fusion MPT base driver 3.04.20
[    0.918662] Copyright (c) 1999-2008 LSI Corporation
[    0.930557] e1000: Intel(R) PRO/1000 Network Driver - version 7.3.21-k8-NAPI
[    0.931701] e1000: Copyright (c) 1999-2006 Intel Corporation.
[    0.935429] AVX version of gcm_enc/dec engaged.
[    0.936118] AES CTR mode by8 optimization enabled
[    0.947525] Fusion MPT SPI Host driver 3.04.20
[    0.952671] mptbase: ioc0: Initiating bringup
[    1.048211] ioc0: LSI53C1030 A0: Capabilities={Initiator}
[    1.131703] input: ImExPS/2 Generic Explorer Mouse as /devices/platform/i8042/serio1/input/input4
[    1.296310] scsi host2: ioc0: LSI53C1030 A0, FwRev=00000000h, Ports=1, MaxQ=256, IRQ=20
[    1.464729] scsi 2:0:0:0: Direct-Access     VBOX     HARDDISK         1.0  PQ: 0 ANSI: 5
[    1.496085] scsi target2:0:0: Beginning Domain Validation
[    1.498376] scsi target2:0:0: Domain Validation skipping write tests
[    1.499281] scsi target2:0:0: Ending Domain Validation
[    1.508427] scsi target2:0:0: asynchronous
[    1.522049] scsi 2:0:1:0: Direct-Access     VBOX     HARDDISK         1.0  PQ: 0 ANSI: 5
[    1.696063] scsi target2:0:1: Beginning Domain Validation
[    1.697607] random: fast init done
[    1.698277] scsi target2:0:1: Domain Validation skipping write tests
[    1.699205] scsi target2:0:1: Ending Domain Validation
[    1.700018] scsi target2:0:1: asynchronous
[    1.704011] random: systemd-udevd: uninitialized urandom read (16 bytes read)
[    1.705104] random: systemd-udevd: uninitialized urandom read (16 bytes read)
[    1.706137] random: systemd-udevd: uninitialized urandom read (16 bytes read)
[    1.707449] sd 2:0:0:0: [sda] 20971520 512-byte logical blocks: (10.7 GB/10.0 GiB)
[    1.708669] sd 2:0:0:0: [sda] Write Protect is off
[    1.709477] sd 2:0:0:0: [sda] Incomplete mode parameter data
[    1.710287] sd 2:0:0:0: [sda] Assuming drive cache: write through
[    1.712203] sd 2:0:0:0: Attached scsi generic sg0 type 0
[    1.713338] sd 2:0:1:0: [sdb] 20480 512-byte logical blocks: (10.5 MB/10.0 MiB)
[    1.714511] sd 2:0:1:0: [sdb] Write Protect is off
[    1.715381] sd 2:0:1:0: [sdb] Incomplete mode parameter data
[    1.716248] sd 2:0:1:0: [sdb] Assuming drive cache: write through
[    1.717524] sd 2:0:1:0: Attached scsi generic sg1 type 0
[    1.782428]  sda: sda1
[    1.783440] sd 2:0:0:0: [sda] Attached SCSI disk
[    1.817139] sd 2:0:1:0: [sdb] Attached SCSI disk
[    1.840583] e1000 0000:00:03.0 eth0: (PCI:33MHz:32-bit) 02:19:d6:3c:94:c8
[    1.842253] e1000 0000:00:03.0 eth0: Intel(R) PRO/1000 Network Connection
[    2.210613] e1000 0000:00:08.0 eth1: (PCI:33MHz:32-bit) 08:00:27:ac:16:b4
[    2.211604] e1000 0000:00:08.0 eth1: Intel(R) PRO/1000 Network Connection
[    2.213784] e1000 0000:00:08.0 enp0s8: renamed from eth1
[    2.238114] e1000 0000:00:03.0 enp0s3: renamed from eth0
Begin: Loading essential drivers ... [    3.660050] raid6: sse2x1   gen()  9956 MB/s
[    3.708039] raid6: sse2x1   xor()  6875 MB/s
[    3.756025] raid6: sse2x2   gen() 11550 MB/s
[    3.804039] raid6: sse2x2   xor()  7418 MB/s
[    3.852085] raid6: sse2x4   gen() 12344 MB/s
[    3.900042] raid6: sse2x4   xor()  8313 MB/s
[    3.900699] raid6: using algorithm sse2x4 gen() 12344 MB/s
[    3.901483] raid6: .... xor() 8313 MB/s, rmw enabled
[    3.902169] raid6: using ssse3x2 recovery algorithm
[    3.905035] xor: automatically using best checksumming function   avx       
[    3.908441] async_tx: api initialized (async)
done.
Begin: Running /scripts/init-premount ... done.
Begin: Mounting root file system ... Begin: Running /scripts/local-top ... done.
Begin: Running /scripts/local-premount ... [    3.967958] Btrfs loaded, crc32c=crc32c-intel
Scanning for Btrfs filesystems
done.
Warning: fsck not present, so skipping root file system
[    4.222789] EXT4-fs (sda1): mounted filesystem with ordered data mode. Opts: (null)
done.
Begin: Running /scripts/local-bottom ... done.
Begin: Running /scripts/init-bottom ... done.
[    5.919766] ip_tables: (C) 2000-2006 Netfilter Core Team
[    6.116430] systemd[1]: systemd 237 running in system mode. (+PAM +AUDIT +SELINUX +IMA +APPARMOR +SMACK +SYSVINIT +UTMP +LIBCRYPTSETUP +GCRYPT +GNUTLS +ACL +XZ +LZ4 +SECCOMP +BLKID +ELFUTILS +KMOD -IDN2 +IDN -PCRE2 default-hierarchy=hybrid)
[    6.123364] systemd[1]: Detected virtualization oracle.
[    6.125173] systemd[1]: Detected architecture x86-64.

Welcome to [1mUbuntu 18.04.3 LTS[0m!

[    6.285822] systemd[1]: Set hostname to <worker01>.
[    7.607532] random: crng init done
[    7.609422] random: 7 urandom warning(s) missed due to ratelimiting
[    9.562603] systemd[1]: Configuration file /lib/systemd/system/kubelet.service is marked world-inaccessible. This has no effect as configuration data is accessible via APIs without restrictions. Proceeding anyway.
[    9.623324] systemd[1]: Configuration file /etc/systemd/system/kubelet.service.d/10-kubeadm.conf is marked world-inaccessible. This has no effect as configuration data is accessible via APIs without restrictions. Proceeding anyway.
[    9.924210] systemd[1]: Reached target User and Group Name Lookups.
[[0;32m  OK  [0m] Reached target User and Group Name Lookups.
[    9.927618] systemd[1]: Created slice User and Session Slice.
[[0;32m  OK  [0m] Created slice User and Session Slice.
[    9.929750] systemd[1]: Created slice System Slice.
[[0;32m  OK  [0m] Created slice System Slice.
[    9.932835] systemd[1]: Listening on Journal Socket (/dev/log).
[[0;32m  OK  [0m] Listening on Journal Socket (/dev/log).
[[0;32m  OK  [0m] Listening on LVM2 metadata daemon socket.
[[0;32m  OK  [0m] Listening on Device-mapper event daemon FIFOs.
[[0;32m  OK  [0m] Listening on /dev/initctl Compatibility Named Pipe.
[[0;32m  OK  [0m] Listening on LVM2 poll daemon socket.
[[0;32m  OK  [0m] Listening on udev Kernel Socket.
[[0;32m  OK  [0m] Listening on Network Service Netlink Socket.
[[0;32m  OK  [0m] Listening on udev Control Socket.
[[0;32m  OK  [0m] Listening on Journal Socket.
         Starting Set the console keyboard layout...
         Starting Monitoring of LVM2 mirrors…ng dmeventd or progress polling...
         Starting udev Coldplug all Devices...
         Mounting POSIX Message Queue File System...
         Starting Uncomplicated firewall...
         Mounting Kernel Debug File System...
[[0;32m  OK  [0m] Reached target Slices.
         Starting Create list of required st…ce nodes for the current kernel...
[[0;32m  OK  [0m] Reached target Swap.
[[0;32m  OK  [0m] Listening on Syslog Socket.
[[0;32m  OK  [0m] Set up automount Arbitrary Executab…rmats File System Automount Point.
         Mounting Huge Pages File System...
[[0;32m  OK  [0m] Reached target System Time Synchronized.
[[0;32m  OK  [0m] Listening on Journal Audit Socket.
         Starting Journal Service...
         Starting Remount Root and Kernel File Systems...
[[0;32m  OK  [0m] Created slice system-serial\x2dgetty.slice.
         Starting Load Kernel Modules...
[[0;32m  OK  [0m] Started Forward Password Requests to Wall Directory Watch.
[[0;32m  OK  [0m] Mounted POSIX Message Queue File System.
[[0;32m  OK  [0m] Started Uncomplicated firewall.
[[0;32m  OK  [0m] Mounted Kernel Debug File System.
[[0;32m  OK  [0m] Started Create list of required sta…vice nodes for the current kernel.
[[0;32m  OK  [0m] Mounted Huge Pages File System.
         Starting Create Static Device Nodes in /dev...
[[0;32m  OK  [0m] Started udev Coldplug all Devices.
[[0;32m  OK  [0m] Started Journal Service.
[[0;32m  OK  [0m] Started LVM2 metadata daemon.
[   10.697579] EXT4-fs (sda1): re-mounted. Opts: (null)
[[0;32m  OK  [0m] Started Remount Root and Kernel File Systems.
         Starting Load/Save Random Seed...
         Starting Flush Journal to Persistent Storage...
[[0;32m  OK  [0m] Started Load/Save Random Seed.
[[0;32m  OK  [0m] Started Set the console keyboard layout.
[   11.079434] systemd-journald[407]: Received request to flush runtime journal from PID 1
[   11.123921] Loading iSCSI transport class v2.0-870.
[[0;32m  OK  [0m] Started Create Static Device Nodes in /dev.
         Starting udev Kernel Device Manager...
[[0;32m  OK  [0m] Started Monitoring of LVM2 mirrors,…sing dmeventd or progress polling.
[[0;32m  OK  [0m] Reached target Local File Systems (Pre).
[[0;32m  OK  [0m] Reached target Local File Systems.
         Starting AppArmor initialization...
         Starting ebtables ruleset management...
         Starting Tell Plymouth To Write Out Runtime Data...
         Starting Set console font and keymap...
[   11.256465] iscsi: registered transport (tcp)
[[0;32m  OK  [0m] Started Tell Plymouth To Write Out Runtime Data.
[[0;32m  OK  [0m] Started Set console font and keymap.
[   11.734526] iscsi: registered transport (iser)
[[0;32m  OK  [0m] Started Load Kernel Modules.
         Starting Apply Kernel Variables...
         Mounting FUSE Control File System...
         Mounting Kernel Configuration File System...
[[0;32m  OK  [0m] Mounted FUSE Control File System.
[[0;32m  OK  [0m] Mounted Kernel Configuration File System.
[[0;32m  OK  [0m] Started Apply Kernel Variables.
[[0;32m  OK  [0m] Started udev Kernel Device Manager.
[[0;32m  OK  [0m] Started Dispatch Password Requests to Console Directory Watch.
[[0;32m  OK  [0m] Reached target Local Encrypted Volumes.
[[0;32m  OK  [0m] Started ebtables ruleset management.
[[0;32m  OK  [0m] Found device /dev/ttyS0.
[[0;32m  OK  [0m] Listening on Load/Save RF Kill Switch Status /dev/rfkill Watch.
[[0;32m  OK  [0m] Started Flush Journal to Persistent Storage.
         Starting Create Volatile Files and Directories...
[[0;32m  OK  [0m] Started AppArmor initialization.
[[0;32m  OK  [0m] Started Create Volatile Files and Directories.
         Starting Initial cloud-init job (pre-networking)...
         Starting Update UTMP about System Boot/Shutdown...
[[0;32m  OK  [0m] Started Update UTMP about System Boot/Shutdown.
[   24.146319] cloud-init[558]: Cloud-init v. 19.2-36-g059d049c-0ubuntu2~18.04.1 running 'init-local' at Tue, 03 Dec 2019 17:14:29 +0000. Up 23.61 seconds.
[[0;32m  OK  [0m] Started Initial cloud-init job (pre-networking).
[[0;32m  OK  [0m] Reached target Network (Pre).
         Starting Network Service...
[[0;32m  OK  [0m] Started Network Service.
         Starting Network Name Resolution...
         Starting Wait for Network to be Configured...
[[0;32m  OK  [0m] Started Network Name Resolution.
[[0;32m  OK  [0m] Reached target Network.
[[0;32m  OK  [0m] Reached target Host and Network Name Lookups.
[[0;32m  OK  [0m] Started Wait for Network to be Configured.
         Starting Initial cloud-init job (metadata service crawler)...
[   27.021975] cloud-init[691]: Cloud-init v. 19.2-36-g059d049c-0ubuntu2~18.04.1 running 'init' at Tue, 03 Dec 2019 17:14:32 +0000. Up 26.77 seconds.
[   27.023740] cloud-init[691]: ci-info: ++++++++++++++++++++++++++++++++++++++Net device info+++++++++++++++++++++++++++++++++++++++
[   27.025129] cloud-init[691]: ci-info: +--------+------+-----------------------------+---------------+--------+-------------------+
[   27.026488] cloud-init[691]: ci-info: | Device |  Up  |           Address           |      Mask     | Scope  |     Hw-Address    |
[   27.028228] cloud-init[691]: ci-info: +--------+------+-----------------------------+---------------+--------+-------------------+
[   27.029989] cloud-init[691]: ci-info: | enp0s3 | True |          10.0.2.15          | 255.255.255.0 | global | 02:19:d6:3c:94:c8 |
[   27.031537] cloud-init[691]: ci-info: | enp0s3 | True |  fe80::19:d6ff:fe3c:94c8/64 |       .       |  link  | 02:19:d6:3c:94:c8 |
[   27.033102] cloud-init[691]: ci-info: | enp0s8 | True |         192.168.50.3        | 255.255.255.0 | global | 08:00:27:ac:16:b4 |
[   27.034806] cloud-init[691]: ci-info: | enp0s8 | True | fe80::a00:27ff:feac:16b4/64 |       .       |  link  | 08:00:27:ac:16:b4 |
[   27.048217] cloud-init[691]: ci-info: |   lo   | True |          127.0.0.1          |   255.0.0.0   |  host  |         .         |
[   27.050100] cloud-init[691]: ci-info: |   lo   | True |           ::1/128           |       .       |  host  |         .         |
[   27.051963] cloud-init[691]: ci-info: +--------+------+-----------------------------+---------------+--------+-------------------+
[   27.053610] cloud-init[691]: ci-info: +++++++++++++++++++++++++++++Route IPv4 info+++++++++++++++++++++++++++++
[   27.055238] cloud-init[691]: ci-info: +-------+--------------+----------+-----------------+-----------+-------+
[   27.056718] cloud-init[691]: ci-info: | Route | Destination  | Gateway  |     Genmask     | Interface | Flags |
[   27.058262] cloud-init[691]: ci-info: +-------+--------------+----------+-----------------+-----------+-------+
[   27.059474] cloud-init[691]: ci-info: |   0   |   0.0.0.0    | 10.0.2.2 |     0.0.0.0     |   enp0s3  |   UG  |
[   27.060700] cloud-init[691]: ci-info: |   1   |   10.0.2.0   | 0.0.0.0  |  255.255.255.0  |   enp0s3  |   U   |
[   27.061893] cloud-init[691]: ci-info: |   2   |   10.0.2.2   | 0.0.0.0  | 255.255.255.255 |   enp0s3  |   UH  |
[   27.063074] cloud-init[691]: ci-info: |   3   | 192.168.50.0 | 0.0.0.0  |  255.255.255.0  |   enp0s8  |   U   |
[   27.064231] cloud-init[691]: ci-info: +-------+--------------+----------+-----------------+-----------+-------+
[   27.065784] cloud-init[691]: ci-info: +++++++++++++++++++Route IPv6 info+++++++++++++++++++
[   27.066829] cloud-init[691]: ci-info: +-------+-------------+---------+-----------+-------+
[   27.067761] cloud-init[691]: ci-info: | Route | Destination | Gateway | Interface | Flags |
[   27.068937] cloud-init[691]: ci-info: +-------+-------------+---------+-----------+-------+
[   27.070009] cloud-init[691]: ci-info: |   1   |  fe80::/64  |    ::   |   enp0s8  |   U   |
[   27.071074] cloud-init[691]: ci-info: |   2   |  fe80::/64  |    ::   |   enp0s3  |   U   |
[   27.072154] cloud-init[691]: ci-info: |   4   |    local    |    ::   |   enp0s3  |   U   |
[   27.073220] cloud-init[691]: ci-info: |   5   |    local    |    ::   |   enp0s8  |   U   |
[   27.074280] cloud-init[691]: ci-info: |   6   |   ff00::/8  |    ::   |   enp0s8  |   U   |
[   27.075692] cloud-init[691]: ci-info: |   7   |   ff00::/8  |    ::   |   enp0s3  |   U   |
[   27.077124] cloud-init[691]: ci-info: +-------+-------------+---------+-----------+-------+
[[0;32m  OK  [0m] Started Initial cloud-init job (metadata service crawler).
[[0;32m  OK  [0m] Reached target Network is Online.
[[0;32m  OK  [0m] Reached target Remote File Systems (Pre).
[[0;32m  OK  [0m] Reached target Remote File Systems.
         Starting Availability of block devices...
[[0;32m  OK  [0m] Reached target System Initialization.
[[0;32m  OK  [0m] Started ACPI Events Check.
[[0;32m  OK  [0m] Reached target Paths.
         Starting Socket activation for snappy daemon.
[[0;32m  OK  [0m] Started Daily apt download activities.
[[0;32m  OK  [0m] Started Daily apt upgrade and clean activities.
[[0;32m  OK  [0m] Listening on Open-iSCSI iscsid Socket.
[[0;32m  OK  [0m] Listening on D-Bus System Message Bus Socket.
[[0;32m  OK  [0m] Started Message of the Day.
         Starting Docker Socket for the API.
[[0;32m  OK  [0m] Listening on UUID daemon activation socket.
[[0;32m  OK  [0m] Listening on ACPID Listen Socket.
[[0;32m  OK  [0m] Started Discard unused blocks once a week.
[[0;32m  OK  [0m] Started Daily Cleanup of Temporary Directories.
[[0;32m  OK  [0m] Reached target Timers.
         Starting LXD - unix socket.
[[0;32m  OK  [0m] Reached target Cloud-config availability.
[[0;32m  OK  [0m] Started Availability of block devices.
[[0;32m  OK  [0m] Listening on Socket activation for snappy daemon.
[[0;32m  OK  [0m] Listening on Docker Socket for the API.
[[0;32m  OK  [0m] Listening on LXD - unix socket.
[[0;32m  OK  [0m] Reached target Sockets.
[[0;32m  OK  [0m] Reached target Basic System.
         Starting Dispatcher daemon for systemd-networkd...
         Starting Login Service...
[[0;32m  OK  [0m] Started D-Bus System Message Bus.
[[0;32m  OK  [0m] Started Login Service.
         Starting Permit User Sessions...
         Starting LSB: automatic crash report generation...
         Starting System Logging Service...
         Starting Discard unused blocks...
         Starting OpenBSD Secure Shell server...
[[0;32m  OK  [0m] Started FUSE filesystem for LXC.
         Starting Accounts Service...
         Starting Snappy daemon...
         Starting LXD - container startup/shutdown...
[[0;32m  OK  [0m] Started Unattended Upgrades Shutdown.
         Starting Virtualbox guest utils...
         Starting LSB: Record successful boot for GRUB...
[[0;32m  OK  [0m] Started Deferred execution scheduler.
[[0;32m  OK  [0m] Started kubelet: The Kubernetes Node Agent.
         Starting Message of the Day...
         Starting containerd container runtime...
[[0;32m  OK  [0m] Started Regular background program processing daemon.
         Starting Ubuntu FAN network setup...
[[0;32m  OK  [0m] Started irqbalance daemon.
[[0;32m  OK  [0m] Started System Logging Service.
[[0;32m  OK  [0m] Started Dispatcher daemon for systemd-networkd.
[[0;32m  OK  [0m] Started Permit User Sessions.
[[0;32m  OK  [0m] Started Discard unused blocks.
[[0;32m  OK  [0m] Started containerd container runtime.
         Starting Docker Application Container Engine...
         Starting Authorization Manager...
         Starting Terminate Plymouth Boot Screen...
         Starting Hold until boot process finishes up...
[[0;32m  OK  [0m] Started Hold until boot process finishes up.
[[0;32m  OK  [0m] Started Serial Getty on ttyS0.
         Starting Set console scheme...
[[0;32m  OK  [0m] Started Terminate Plymouth Boot Screen.
[[0;32m  OK  [0m] Started LSB: automatic crash report generation.
[[0;32m  OK  [0m] Started Set console scheme.
[[0;32m  OK  [0m] Created slice system-getty.slice.
[[0;32m  OK  [0m] Started Getty on tty1.
[[0;32m  OK  [0m] Reached target Login Prompts.
[[0;32m  OK  [0m] Started LSB: Record successful boot for GRUB.
[[0;32m  OK  [0m] Started OpenBSD Secure Shell server.
[[0;32m  OK  [0m] Started Authorization Manager.
[[0;32m  OK  [0m] Started Accounts Service.
[[0;32m  OK  [0m] Started Ubuntu FAN network setup.
[[0;32m  OK  [0m] Started Virtualbox guest utils.

Ubuntu 18.04.3 LTS worker01 ttyS0

worker01 login: [   50.439230] cloud-init[1537]: Cloud-init v. 19.2-36-g059d049c-0ubuntu2~18.04.1 running 'modules:config' at Tue, 03 Dec 2019 17:14:50 +0000. Up 44.89 seconds.
[   92.361795] cloud-init[2404]: Cloud-init v. 19.2-36-g059d049c-0ubuntu2~18.04.1 running 'modules:final' at Tue, 03 Dec 2019 17:15:37 +0000. Up 91.72 seconds.
[   92.361998] cloud-init[2404]: Cloud-init v. 19.2-36-g059d049c-0ubuntu2~18.04.1 finished at Tue, 03 Dec 2019 17:15:38 +0000. Datasource DataSourceNoCloud [seed=/dev/sdb][dsmode=net].  Up 92.35 seconds
[[0;32m  OK  [0m] Closed Load/Save RF Kill Switch Status /dev/rfkill Watch.
[[0;32m  OK  [0m] Stopped target Host and Network Name Lookups.
         Stopping Availability of block devices...
         Stopping User Manager for UID 1000...
         Stopping Authorization Manager...
[[0;32m  OK  [0m] Stopped target Graphical Interface.
         Stopping Accounts Service...
[[0;32m  OK  [0m] Stopped target Timers.
[[0;32m  OK  [0m] Stopped Message of the Day.
[[0;32m  OK  [0m] Stopped Daily Cleanup of Temporary Directories.
[[0;32m  OK  [0m] Stopped Daily apt upgrade and clean activities.
[[0;32m  OK  [0m] Stopped Discard unused blocks once a week.
[[0;32m  OK  [0m] Stopped Daily apt download activities.
[[0;32m  OK  [0m] Stopped target System Time Synchronized.
[[0;32m  OK  [0m] Stopped target Cloud-init target.
[[0;32m  OK  [0m] Stopped Execute cloud user/final scripts.
[[0;32m  OK  [0m] Stopped target Multi-User System.
         Stopping FUSE filesystem for LXC...
         Stopping Unattended Upgrades Shutdown...
         Stopping D-Bus System Message Bus...
         Stopping OpenBSD Secure Shell server...
         Stopping LXD - container startup/shutdown...
         Stopping Virtualb         Stopping User Manager for UID 1000...
[[0;32m  OK  [0m] Closed Load/Save RF Kill Switch Status /dev/rfkill Watch.
[[0;32m  OK  [0m] Stopped target Cloud-init target.
[[0;32m  OK  [0m] Stopped target Graphical Interface.
[[0;32m  OK  [0m] Stopped Execute cloud user/final scripts.
[[0;32m  OK  [0m] Stopped target Multi-User System.
         Stopping LSB: Record successful boot for GRUB...
         Stopping FUSE filesystem for LXC...
         Stopping D-Bus System Message Bus...
         Stopping Virtualbox guest utils...
         Stopping LXD - container startup/shutdown...
         Stopping LSB: automatic crash report generation...
         Stopping System Logging Service...
         Stopping kubelet: The Kubernetes Node Agent...
         Stopping Docker Application Container Engine...
[[0;32m  OK  [0m] Stopped target Login Prompts.
         Stopping Getty on tty1...
         Stopping OpenBSD Secure Shell server...
         Stopping Deferred execution scheduler...
         Stopping Ubuntu FAN network setup...
         Stopping Session 5 of user vagrant.
[[0;32m  OK  [0m] Stopped target Host and Network Name Lookups.
[[0;32m  OK  [0m] Stopped Apply the settings specified in cloud-config.
[[0;32m  OK  [0m] Stopped target Cloud-config availability.
         Stopping Unattended Upgrades Shutdown...
         Stopping Authorization Manager...
         Stopping Regular background program processing daemon...
         Stopping irqbalance daemon...
[[0;32m  OK  [0m] Stopped target Timers.
[[0;32m  OK  [0m] Stopped Message of the Day.
[[0;32m  OK  [0m] Stopped Discard unused blocks once a week.
[[0;32m  OK  [0m] Stopped Daily apt upgrade and clean activities.
[[0;32m  OK  [0m] Stopped Daily apt download activities.
[[0;32m  OK  [0m] Stopped target System Time Synchronized.
[[0;32m  OK  [0m] Stopped Daily Cleanup of Temporary Directories.
         Stopping Dispatcher daemon for systemd-networkd...
[[0;32m  OK  [0m] Stopped Wait until snapd is fully seeded.
         Stopping Availability of block devices...
         Stopping Accounts Service...
         Stopping Serial Getty on ttyS0...
[[0;32m  OK  [0m] Unmounted /var/lib/docker/overlay2/…8e27cf2040fdf88f95b9b323e5/merged.
[[0;32m  OK  [0m] Unmounted /run/docker/netns/57fb23448c34.
[[0;32m  OK  [0m] Unmounted /var/lib/docker/container…d6fda5233118790c02e252/mounts/shm.
[[0;32m  OK  [0m] Unmounted /var/lib/docker/overlay2/…e4ea2459b70f0ae616b93e8bd8/merged.
[[0;32m  OK  [0m] Unmounted /var/lib/lxcfs.
[[0;32m  OK  [0m] Stopped Dispatcher daemon for systemd-networkd.
[[0;32m  OK  [0m] Stopped System Logging Service.
[[0;32m  OK  [0m] Stopped Deferred execution scheduler.
[[0;32m  OK  [0m] Stopped Accounts Service.
[[0;32m  OK  [0m] Stopped irqbalance daemon.
[[0;32m  OK  [0m] Stopped kubelet: The Kubernetes Node Agent.
[[0;32m  OK  [0m] Stopped Regular background program processing daemon.
[[0;32m  OK  [0m] Stopped OpenBSD Secure Shell server.
[[0;32m  OK  [0m] Unmounted /run/docker/netns/90e27ef4d72d.
[[0;32m  OK  [0m] Stopped Authorization Manager.
[[0;32m  OK  [0m] Stopped Unattended Upgrades Shutdown.
[[0;32m  OK  [0m] Stopped Serial Getty on ttyS0.
[[0;32m  OK  [0m] Stopped Getty on tty1.
[[0;32m  OK  [0m] Stopped User Manager for UID 1000.
[[0;32m  OK  [0m] Stopped D-Bus System Message Bus.
[[0;32m  OK  [0m] Stopped Ubuntu FAN network setup.
[[0;32m  OK  [0m] Stopped FUSE filesystem for LXC.
[[0;32m  OK  [0m] Stopped Session 5 of user vagrant.
[[0;32m  OK  [0m] Removed slice User Slice of vagrant.
[[0;32m  OK  [0m] Removed slice system-getty.slice.
         Stopping Permit User Sessions...
[[0;32m  OK  [0m] Removed slice system-serial\x2dgetty.slice.
         Stopping Login Service...
[[0;32m  OK  [0m] Stopped LSB: Record successful boot for GRUB.
[[0;32m  OK  [0m] Stopped LXD - container startup/shutdown.
[[0;32m  OK  [0m] Stopped LSB: automatic crash report generation.
[[0;32m  OK  [0m] Stopped Permit User Sessions.
[[0;32m  OK  [0m] Stopped target Remote File Systems.
[[0;32m  OK  [0m] Stopped target Remote File Systems (Pre).
[[0;32m  OK  [0m] Stopped Login Service.
[[0;32m  OK  [0m] Stopped target User and Group Name Lookups.
[[0;32m  OK  [0m] Stopped Virtualbox guest utils.
[[0;32m  OK  [0m] Unmounted /var/lib/docker/overlay2/…cda8f0fc8d0f9d9d9de8eef381/merged.
[[0;32m  OK  [0m] Unmounted /var/lib/docker/container…96d3282ec7bf2d3b2b6cf6/mounts/shm.
[[0;32m  OK  [0m] Unmounted /var/lib/docker/overlay2/…ce00374c52c3a5a1154ed2129d/merged.
[[0;32m  OK  [0m] Unmounted /var/lib/docker/overlay2/…3f47ac10b50618a6cf19890ce0/merged.
[[0;32m  OK  [0m] Stopped Availability of block devices.
[[0;32m  OK  [0m] Unmounted /var/lib/docker/container…f462a5d530182b663684e4/mounts/shm.
[[0;32m  OK  [0m] Unmounted /var/lib/docker/overlay2/…331a30cb02cc09bbfa1dff52aa/merged.
[[0;32m  OK  [0m] Unmounted /var/lib/docker/overlay2/…fac7f0f0c1d6164c971aaadb7c/merged.
[[0;32m  OK  [0m] Unmounted /var/lib/docker/overlay2/…672ad95b448b35a27e98eca1db/merged.
[[0;32m  OK  [0m] Unmounted /var/lib/docker/overlay2/…890bb3bf26039aa6ebc9f2dc36/merged.
[[0;32m  OK  [0m] Unmounted /var/lib/docker/container…48a6b24c1644b60ddeb341/mounts/shm.
[[0;32m  OK  [0m] Unmounted /var/lib/docker/container…c2415c12b2ca6bb7765643/mounts/shm.
[[0;32m  OK  [0m] Unmounted /var/lib/docker/overlay2/…232a4149881bb4629d7f421e9c/merged.
[[0;32m  OK  [0m] Unmounted /var/lib/docker/container…109b7cd86c70538979d367/mounts/shm.
[[0;32m  OK  [0m] Unmounted /var/lib/docker/container…0846282eec5e07185e4bce/mounts/shm.
[[0;32m  OK  [0m] Unmounted /var/lib/docker/overlay2/…7966ed2a16299304b496469c8e/merged.
[[0;32m  OK  [0m] Unmounted /var/lib/docker/overlay2/…d49887fbdccfd7b2be37e0d91e/merged.
[[0;32m  OK  [0m] Unmounted /var/lib/docker/container…b1a7d301f4b53770884d3e/mounts/shm.
[[0;32m  OK  [0m] Unmounted /var/lib/docker/overlay2/…293d259f4c7b471298cfb973af/merged.
[[0;32m  OK  [0m] Unmounted /var/lib/docker/overlay2/…e2d42835f3ee609dfe304e1552/merged.
[  [0;31m*[0;1;31m*[0m[0;31m* [0m] A stop job is running for Docker Ap…n Container Engine (6s / no limit)[K[ [0;31m*[0;1;31m*[0m[0;31m*  [0m] A stop job is running for Docker Ap…n Container Engine (6s / no limit)[K[[0;31m*[0;1;31m*[0m[0;31m*   [0m] A stop job is running for Docker Ap…n Container Engine (7s / no limit)[K[[0;1;31m*[0m[0;31m*    [0m] A stop job is running for Docker Ap…n Container Engine (7s / no limit)[K[[0m[0;31m*     [0m] A stop job is running for Docker Ap…n Container Engine (8s / no limit)[K[[0;1;31m*[0m[0;31m*    [0m] A stop job is running for Docker Ap…n Container Engine (8s / no limit)[K[[0;31m*[0;1;31m*[0m[0;31m*   [0m] A stop job is running for Docker Ap…n Container Engine (9s / no limit)[K[ [0;31m*[0;1;31m*[0m[0;31m*  [0m] A stop job is running for Docker Ap…n Container Engine (9s / no limit)[K[  [0;31m*[0;1;31m*[0m[0;31m* [0m] A stop job is running for Docker Ap… Container Engine (10s / no limit)[K[[0;32m  OK  [0m] Unmounted /var/lib/docker/overlay2/…236cdeb5d568af728d3db4730c/merged.
[[0;32m  OK  [0m] Unmounted /var/lib/docker/overlay2/…7dc7263eee064ab55dbb51200e/merged.
[[0;32m  OK  [0m] Stopped Docker Application Container Engine.
[[0;32m  OK  [0m] Stopped target Network is Online.
         Stopping containerd container runtime...
[[0;32m  OK  [0m] Stopped containerd container runtime.
[[0;32m  OK  [0m] Stopped target Network.
         Stopping Network Name Resolution...
[[0;32m  OK  [0m] Stopped target Basic System.
[[0;32m  OK  [0m] Stopped target Paths.
[[0;32m  OK  [0m] Stopped ACPI Events Check.
[[0;32m  OK  [0m] Stopped target Slices.
[[0;32m  OK  [0m] Removed slice User and Session Slice.
[[0;32m  OK  [0m] Stopped target Sockets.
[[0;32m  OK  [0m] Closed LXD - unix socket.
[[0;32m  OK  [0m] Closed UUID daemon activation socket.
[[0;32m  OK  [0m] Closed Open-iSCSI iscsid Socket.
[[0;32m  OK  [0m] Closed D-Bus System Message Bus Socket.
[[0;32m  OK  [0m] Closed Docker Socket for the API.
[[0;32m  OK  [0m] Closed Syslog Socket.
[[0;32m  OK  [0m] Closed ACPID Listen Socket.
[[0;32m  OK  [0m] Closed Socket activation for snappy daemon.
[[0;32m  OK  [0m] Stopped target System Initialization.
         Stopping Load/Save Random Seed...
[[0;32m  OK  [0m] Stopped Initial cloud-init job (metadata service crawler).
         Stopping Update UTMP about System Boot/Shutdown...
[[0;32m  OK  [0m] Stopped target Local Encrypted Volumes.
[[0;32m  OK  [0m] Stopped Dispatch Password Requests to Console Directory Watch.
[[0;32m  OK  [0m] Stopped Forward Password Requests to Wall Directory Watch.
[[0;32m  OK  [0m] Stopped Network Name Resolution.
[[0;32m  OK  [0m] Stopped Load/Save Random Seed.
         Stopping Network Service...
[[0;32m  OK  [0m] Stopped Update UTMP about System Boot/Shutdown.
[[0;32m  OK  [0m] Stopped Create Volatile Files and Directories.
[[0;32m  OK  [0m] Stopped target Local File Systems.
         Unmounting /var/lib/kubelet/pods/a5…s.io~secret/coredns-token-7k8vs...
         Unmounting /vagrant...
         Unmounting /var/lib/kubelet/pods/a0…s.io~secret/flannel-token-lm66c...
         Unmounting /var/lib/kubelet/pods/9e…s.io~secret/coredns-token-7k8vs...
         Unmounting /run/docker/netns/default...
         Unmounting /run/user/1000...
         Unmounting /var/lib/kubelet/pods/e0…o~secret/kube-proxy-token-bqc2k...
[[0;32m  OK  [0m] Unmounted /var/lib/kubelet/pods/a03…tes.io~secret/flannel-token-lm66c.
[[0;32m  OK  [0m] Unmounted /run/docker/netns/default.
[[0;32m  OK  [0m] Unmounted /var/lib/kubelet/pods/9e0…tes.io~secret/coredns-token-7k8vs.
[[0;32m  OK  [0m] Stopped Network Service.
[[0;32m  OK  [0m] Unmounted /var/lib/kubelet/pods/e06….io~secret/kube-proxy-token-bqc2k.
[[0;32m  OK  [0m] Stopped Apply Kernel Variables.
[[0;32m  OK  [0m] Stopped Load Kernel Modules.
[[0;32m  OK  [0m] Stopped target Network (Pre).
[[0;32m  OK  [0m] Stopped Initial cloud-init job (pre-networking).
[[0;32m  OK  [0m] Unmounted /var/lib/kubelet/pods/a56…tes.io~secret/coredns-token-7k8vs.
[[0;32m  OK  [0m] Unmounted /vagrant.
[[0;32m  OK  [0m] Unmounted /run/user/1000.
[[0;32m  OK  [0m] Reached target Unmount All Filesystems.
[[0;32m  OK  [0m] Stopped target Local File Systems (Pre).
[[0;32m  OK  [0m] Stopped Create Static Device Nodes in /dev.
[[0;32m  OK  [0m] Stopped Remount Root and Kernel File Systems.
         Stopping Monitoring of LVM2 mirrors…ng dmeventd or progress polling...
[[0;32m  OK  [0m] Stopped target Swap.
[[0;32m  OK  [0m] Reached target Shutdown.
[[0;32m  OK  [0m] Reached target Final Step.
         Starting Power-Off...
[ 1355.417904] reboot: Power down
